# JRE version: OpenJDK Runtime Environment Temurin-17.0.12+7 (17.0.12+7) (build 17.0.12+7)
# Java VM: OpenJDK 64-Bit Server VM Temurin-17.0.12+7 (17.0.12+7, mixed mode, tiered, compressed oops, compressed class ptrs, parallel gc, windows-amd64)
GC Precious Log:
 CPUs: 12 total, 12 available
 Memory: 7863M
 Large Page Support: Disabled
 NUMA Support: Disabled
 Compressed Oops: Enabled (32-bit)
 Alignments: Space 512K, Generation 512K, Heap 2M
 Heap Min Capacity: 100M
 Heap Initial Capacity: 100M
 Heap Max Capacity: 1G
 Pre-touch: Disabled
 Parallel Workers: 10
Heap:
 PSYoungGen      total 19968K, used 7015K [0x00000000eab00000, 0x00000000ec000000, 0x0000000100000000)
  eden space 18432K, 38% used [0x00000000eab00000,0x00000000eb1d9c40,0x00000000ebd00000)
  from space 1536K, 0% used [0x00000000ebe80000,0x00000000ebe80000,0x00000000ec000000)
  to   space 1536K, 0% used [0x00000000ebd00000,0x00000000ebd00000,0x00000000ebe80000)
 ParOldGen       total 68608K, used 31808K [0x00000000c0000000, 0x00000000c4300000, 0x00000000eab00000)
  object space 68608K, 46% used [0x00000000c0000000,0x00000000c1f103d8,0x00000000c4300000)
 Metaspace       used 59351K, committed 60352K, reserved 1114112K
  class space    used 6292K, committed 6720K, reserved 1048576K
GC Heap History (20 events):
Event: 5.200 GC heap before
{Heap before GC invocations=24 (full 2):
 PSYoungGen      total 21504K, used 21088K [0x00000000eab00000, 0x00000000ec380000, 0x0000000100000000)
  eden space 19968K, 100% used [0x00000000eab00000,0x00000000ebe80000,0x00000000ebe80000)
  from space 1536K, 72% used [0x00000000ebe80000,0x00000000ebf98000,0x00000000ec000000)
  to   space 2560K, 0% used [0x00000000ec100000,0x00000000ec100000,0x00000000ec380000)
 ParOldGen       total 68608K, used 29652K [0x00000000c0000000, 0x00000000c4300000, 0x00000000eab00000)
  object space 68608K, 43% used [0x00000000c0000000,0x00000000c1cf5208,0x00000000c4300000)
 Metaspace       used 46877K, committed 47744K, reserved 1114112K
  class space    used 4866K, committed 5248K, reserved 1048576K
}
Event: 5.202 GC heap after
{Heap after GC invocations=24 (full 2):
 PSYoungGen      total 20992K, used 896K [0x00000000eab00000, 0x00000000ec200000, 0x0000000100000000)
  eden space 19968K, 0% used [0x00000000eab00000,0x00000000eab00000,0x00000000ebe80000)
  from space 1024K, 87% used [0x00000000ec100000,0x00000000ec1e0000,0x00000000ec200000)
  to   space 1536K, 0% used [0x00000000ebf00000,0x00000000ebf00000,0x00000000ec080000)
 ParOldGen       total 68608K, used 30596K [0x00000000c0000000, 0x00000000c4300000, 0x00000000eab00000)
  object space 68608K, 44% used [0x00000000c0000000,0x00000000c1de1208,0x00000000c4300000)
 Metaspace       used 46877K, committed 47744K, reserved 1114112K
  class space    used 4866K, committed 5248K, reserved 1048576K
}
Event: 5.400 GC heap before
{Heap before GC invocations=25 (full 2):
 PSYoungGen      total 20992K, used 20864K [0x00000000eab00000, 0x00000000ec200000, 0x0000000100000000)
  eden space 19968K, 100% used [0x00000000eab00000,0x00000000ebe80000,0x00000000ebe80000)
  from space 1024K, 87% used [0x00000000ec100000,0x00000000ec1e0000,0x00000000ec200000)
  to   space 1536K, 0% used [0x00000000ebf00000,0x00000000ebf00000,0x00000000ec080000)
 ParOldGen       total 68608K, used 30596K [0x00000000c0000000, 0x00000000c4300000, 0x00000000eab00000)
  object space 68608K, 44% used [0x00000000c0000000,0x00000000c1de1208,0x00000000c4300000)
 Metaspace       used 48816K, committed 49728K, reserved 1114112K
  class space    used 5086K, committed 5504K, reserved 1048576K
}
Event: 5.401 GC heap after
{Heap after GC invocations=25 (full 2):
 PSYoungGen      total 21504K, used 793K [0x00000000eab00000, 0x00000000ec180000, 0x0000000100000000)
  eden space 19968K, 0% used [0x00000000eab00000,0x00000000eab00000,0x00000000ebe80000)
  from space 1536K, 51% used [0x00000000ebf00000,0x00000000ebfc6738,0x00000000ec080000)
  to   space 1024K, 0% used [0x00000000ec080000,0x00000000ec080000,0x00000000ec180000)
 ParOldGen       total 68608K, used 31287K [0x00000000c0000000, 0x00000000c4300000, 0x00000000eab00000)
  object space 68608K, 45% used [0x00000000c0000000,0x00000000c1e8df08,0x00000000c4300000)
 Metaspace       used 48816K, committed 49728K, reserved 1114112K
  class space    used 5086K, committed 5504K, reserved 1048576K
}
Event: 5.703 GC heap before
{Heap before GC invocations=26 (full 2):
 PSYoungGen      total 21504K, used 20761K [0x00000000eab00000, 0x00000000ec180000, 0x0000000100000000)
  eden space 19968K, 100% used [0x00000000eab00000,0x00000000ebe80000,0x00000000ebe80000)
  from space 1536K, 51% used [0x00000000ebf00000,0x00000000ebfc6738,0x00000000ec080000)
  to   space 1024K, 0% used [0x00000000ec080000,0x00000000ec080000,0x00000000ec180000)
 ParOldGen       total 68608K, used 31287K [0x00000000c0000000, 0x00000000c4300000, 0x00000000eab00000)
  object space 68608K, 45% used [0x00000000c0000000,0x00000000c1e8df08,0x00000000c4300000)
 Metaspace       used 50882K, committed 51776K, reserved 1114112K
  class space    used 5356K, committed 5760K, reserved 1048576K
}
Event: 5.705 GC heap after
{Heap after GC invocations=26 (full 2):
 PSYoungGen      total 20992K, used 1024K [0x00000000eab00000, 0x00000000ec180000, 0x0000000100000000)
  eden space 19968K, 0% used [0x00000000eab00000,0x00000000eab00000,0x00000000ebe80000)
  from space 1024K, 100% used [0x00000000ec080000,0x00000000ec180000,0x00000000ec180000)
  to   space 1536K, 0% used [0x00000000ebe80000,0x00000000ebe80000,0x00000000ec000000)
 ParOldGen       total 68608K, used 31989K [0x00000000c0000000, 0x00000000c4300000, 0x00000000eab00000)
  object space 68608K, 46% used [0x00000000c0000000,0x00000000c1f3d6c0,0x00000000c4300000)
 Metaspace       used 50882K, committed 51776K, reserved 1114112K
  class space    used 5356K, committed 5760K, reserved 1048576K
}
Event: 5.926 GC heap before
{Heap before GC invocations=27 (full 2):
 PSYoungGen      total 20992K, used 20992K [0x00000000eab00000, 0x00000000ec180000, 0x0000000100000000)
  eden space 19968K, 100% used [0x00000000eab00000,0x00000000ebe80000,0x00000000ebe80000)
  from space 1024K, 100% used [0x00000000ec080000,0x00000000ec180000,0x00000000ec180000)
  to   space 1536K, 0% used [0x00000000ebe80000,0x00000000ebe80000,0x00000000ec000000)
 ParOldGen       total 68608K, used 31989K [0x00000000c0000000, 0x00000000c4300000, 0x00000000eab00000)
  object space 68608K, 46% used [0x00000000c0000000,0x00000000c1f3d6c0,0x00000000c4300000)
 Metaspace       used 52623K, committed 53632K, reserved 1114112K
  class space    used 5597K, committed 6016K, reserved 1048576K
}
Event: 5.927 GC heap after
{Heap after GC invocations=27 (full 2):
 PSYoungGen      total 21504K, used 672K [0x00000000eab00000, 0x00000000ec100000, 0x0000000100000000)
  eden space 19968K, 0% used [0x00000000eab00000,0x00000000eab00000,0x00000000ebe80000)
  from space 1536K, 43% used [0x00000000ebe80000,0x00000000ebf28000,0x00000000ec000000)
  to   space 1024K, 0% used [0x00000000ec000000,0x00000000ec000000,0x00000000ec100000)
 ParOldGen       total 68608K, used 32847K [0x00000000c0000000, 0x00000000c4300000, 0x00000000eab00000)
  object space 68608K, 47% used [0x00000000c0000000,0x00000000c2013fc8,0x00000000c4300000)
 Metaspace       used 52623K, committed 53632K, reserved 1114112K
  class space    used 5597K, committed 6016K, reserved 1048576K
}
Event: 6.236 GC heap before
{Heap before GC invocations=28 (full 2):
 PSYoungGen      total 21504K, used 20640K [0x00000000eab00000, 0x00000000ec100000, 0x0000000100000000)
  eden space 19968K, 100% used [0x00000000eab00000,0x00000000ebe80000,0x00000000ebe80000)
  from space 1536K, 43% used [0x00000000ebe80000,0x00000000ebf28000,0x00000000ec000000)
  to   space 1024K, 0% used [0x00000000ec000000,0x00000000ec000000,0x00000000ec100000)
 ParOldGen       total 68608K, used 32847K [0x00000000c0000000, 0x00000000c4300000, 0x00000000eab00000)
  object space 68608K, 47% used [0x00000000c0000000,0x00000000c2013fc8,0x00000000c4300000)
 Metaspace       used 54288K, committed 55296K, reserved 1114112K
  class space    used 5813K, committed 6272K, reserved 1048576K
}
Event: 6.238 GC heap after
{Heap after GC invocations=28 (full 2):
 PSYoungGen      total 20992K, used 1024K [0x00000000eab00000, 0x00000000ec180000, 0x0000000100000000)
  eden space 19968K, 0% used [0x00000000eab00000,0x00000000eab00000,0x00000000ebe80000)
  from space 1024K, 100% used [0x00000000ec000000,0x00000000ec100000,0x00000000ec100000)
  to   space 1536K, 0% used [0x00000000ebe80000,0x00000000ebe80000,0x00000000ec000000)
 ParOldGen       total 68608K, used 33383K [0x00000000c0000000, 0x00000000c4300000, 0x00000000eab00000)
  object space 68608K, 48% used [0x00000000c0000000,0x00000000c2099fc8,0x00000000c4300000)
 Metaspace       used 54288K, committed 55296K, reserved 1114112K
  class space    used 5813K, committed 6272K, reserved 1048576K
}
Event: 6.544 GC heap before
{Heap before GC invocations=29 (full 2):
 PSYoungGen      total 20992K, used 20992K [0x00000000eab00000, 0x00000000ec180000, 0x0000000100000000)
  eden space 19968K, 100% used [0x00000000eab00000,0x00000000ebe80000,0x00000000ebe80000)
  from space 1024K, 100% used [0x00000000ec000000,0x00000000ec100000,0x00000000ec100000)
  to   space 1536K, 0% used [0x00000000ebe80000,0x00000000ebe80000,0x00000000ec000000)
 ParOldGen       total 68608K, used 33383K [0x00000000c0000000, 0x00000000c4300000, 0x00000000eab00000)
  object space 68608K, 48% used [0x00000000c0000000,0x00000000c2099fc8,0x00000000c4300000)
 Metaspace       used 56036K, committed 57024K, reserved 1114112K
  class space    used 6003K, committed 6464K, reserved 1048576K
}
Event: 6.546 GC heap after
{Heap after GC invocations=29 (full 2):
 PSYoungGen      total 20992K, used 736K [0x00000000eab00000, 0x00000000ec080000, 0x0000000100000000)
  eden space 19968K, 0% used [0x00000000eab00000,0x00000000eab00000,0x00000000ebe80000)
  from space 1024K, 71% used [0x00000000ebe80000,0x00000000ebf38000,0x00000000ebf80000)
  to   space 1024K, 0% used [0x00000000ebf80000,0x00000000ebf80000,0x00000000ec080000)
 ParOldGen       total 68608K, used 34199K [0x00000000c0000000, 0x00000000c4300000, 0x00000000eab00000)
  object space 68608K, 49% used [0x00000000c0000000,0x00000000c2165fc8,0x00000000c4300000)
 Metaspace       used 56036K, committed 57024K, reserved 1114112K
  class space    used 6003K, committed 6464K, reserved 1048576K
}
Event: 6.668 GC heap before
{Heap before GC invocations=30 (full 2):
 PSYoungGen      total 20992K, used 20704K [0x00000000eab00000, 0x00000000ec080000, 0x0000000100000000)
  eden space 19968K, 100% used [0x00000000eab00000,0x00000000ebe80000,0x00000000ebe80000)
  from space 1024K, 71% used [0x00000000ebe80000,0x00000000ebf38000,0x00000000ebf80000)
  to   space 1024K, 0% used [0x00000000ebf80000,0x00000000ebf80000,0x00000000ec080000)
 ParOldGen       total 68608K, used 34199K [0x00000000c0000000, 0x00000000c4300000, 0x00000000eab00000)
  object space 68608K, 49% used [0x00000000c0000000,0x00000000c2165fc8,0x00000000c4300000)
 Metaspace       used 56754K, committed 57728K, reserved 1114112K
  class space    used 6074K, committed 6528K, reserved 1048576K
}
Event: 6.670 GC heap after
{Heap after GC invocations=30 (full 2):
 PSYoungGen      total 19456K, used 1003K [0x00000000eab00000, 0x00000000ec380000, 0x0000000100000000)
  eden space 18432K, 0% used [0x00000000eab00000,0x00000000eab00000,0x00000000ebd00000)
  from space 1024K, 98% used [0x00000000ebf80000,0x00000000ec07afb8,0x00000000ec080000)
  to   space 2560K, 0% used [0x00000000ebd00000,0x00000000ebd00000,0x00000000ebf80000)
 ParOldGen       total 68608K, used 35127K [0x00000000c0000000, 0x00000000c4300000, 0x00000000eab00000)
  object space 68608K, 51% used [0x00000000c0000000,0x00000000c224df58,0x00000000c4300000)
 Metaspace       used 56754K, committed 57728K, reserved 1114112K
  class space    used 6074K, committed 6528K, reserved 1048576K
}
Event: 6.723 GC heap before
{Heap before GC invocations=31 (full 2):
 PSYoungGen      total 19456K, used 19435K [0x00000000eab00000, 0x00000000ec380000, 0x0000000100000000)
  eden space 18432K, 100% used [0x00000000eab00000,0x00000000ebd00000,0x00000000ebd00000)
  from space 1024K, 98% used [0x00000000ebf80000,0x00000000ec07afb8,0x00000000ec080000)
  to   space 2560K, 0% used [0x00000000ebd00000,0x00000000ebd00000,0x00000000ebf80000)
 ParOldGen       total 68608K, used 35127K [0x00000000c0000000, 0x00000000c4300000, 0x00000000eab00000)
  object space 68608K, 51% used [0x00000000c0000000,0x00000000c224df58,0x00000000c4300000)
 Metaspace       used 56763K, committed 57728K, reserved 1114112K
  class space    used 6074K, committed 6528K, reserved 1048576K
}
Event: 6.724 GC heap after
{Heap after GC invocations=31 (full 2):
 PSYoungGen      total 19968K, used 1118K [0x00000000eab00000, 0x00000000ec000000, 0x0000000100000000)
  eden space 18432K, 0% used [0x00000000eab00000,0x00000000eab00000,0x00000000ebd00000)
  from space 1536K, 72% used [0x00000000ebd00000,0x00000000ebe17988,0x00000000ebe80000)
  to   space 1536K, 0% used [0x00000000ebe80000,0x00000000ebe80000,0x00000000ec000000)
 ParOldGen       total 68608K, used 35763K [0x00000000c0000000, 0x00000000c4300000, 0x00000000eab00000)
  object space 68608K, 52% used [0x00000000c0000000,0x00000000c22ecf78,0x00000000c4300000)
 Metaspace       used 56763K, committed 57728K, reserved 1114112K
  class space    used 6074K, committed 6528K, reserved 1048576K
}
Event: 6.920 GC heap before
{Heap before GC invocations=32 (full 2):
 PSYoungGen      total 19968K, used 12867K [0x00000000eab00000, 0x00000000ec000000, 0x0000000100000000)
  eden space 18432K, 63% used [0x00000000eab00000,0x00000000eb6792f0,0x00000000ebd00000)
  from space 1536K, 72% used [0x00000000ebd00000,0x00000000ebe17988,0x00000000ebe80000)
  to   space 1536K, 0% used [0x00000000ebe80000,0x00000000ebe80000,0x00000000ec000000)
 ParOldGen       total 68608K, used 35763K [0x00000000c0000000, 0x00000000c4300000, 0x00000000eab00000)
  object space 68608K, 52% used [0x00000000c0000000,0x00000000c22ecf78,0x00000000c4300000)
 Metaspace       used 58762K, committed 59776K, reserved 1114112K
  class space    used 6242K, committed 6720K, reserved 1048576K
}
Event: 6.922 GC heap after
{Heap after GC invocations=32 (full 2):
 PSYoungGen      total 19968K, used 1048K [0x00000000eab00000, 0x00000000ec000000, 0x0000000100000000)
  eden space 18432K, 0% used [0x00000000eab00000,0x00000000eab00000,0x00000000ebd00000)
  from space 1536K, 68% used [0x00000000ebe80000,0x00000000ebf861d0,0x00000000ec000000)
  to   space 1536K, 0% used [0x00000000ebd00000,0x00000000ebd00000,0x00000000ebe80000)
 ParOldGen       total 68608K, used 35779K [0x00000000c0000000, 0x00000000c4300000, 0x00000000eab00000)
  object space 68608K, 52% used [0x00000000c0000000,0x00000000c22f0f78,0x00000000c4300000)
 Metaspace       used 58762K, committed 59776K, reserved 1114112K
  class space    used 6242K, committed 6720K, reserved 1048576K
}
Event: 6.922 GC heap before
{Heap before GC invocations=33 (full 3):
 PSYoungGen      total 19968K, used 1048K [0x00000000eab00000, 0x00000000ec000000, 0x0000000100000000)
  eden space 18432K, 0% used [0x00000000eab00000,0x00000000eab00000,0x00000000ebd00000)
  from space 1536K, 68% used [0x00000000ebe80000,0x00000000ebf861d0,0x00000000ec000000)
  to   space 1536K, 0% used [0x00000000ebd00000,0x00000000ebd00000,0x00000000ebe80000)
 ParOldGen       total 68608K, used 35779K [0x00000000c0000000, 0x00000000c4300000, 0x00000000eab00000)
  object space 68608K, 52% used [0x00000000c0000000,0x00000000c22f0f78,0x00000000c4300000)
 Metaspace       used 58762K, committed 59776K, reserved 1114112K
  class space    used 6242K, committed 6720K, reserved 1048576K
}
Event: 6.978 GC heap after
{Heap after GC invocations=33 (full 3):
 PSYoungGen      total 19968K, used 0K [0x00000000eab00000, 0x00000000ec000000, 0x0000000100000000)
  eden space 18432K, 0% used [0x00000000eab00000,0x00000000eab00000,0x00000000ebd00000)
  from space 1536K, 0% used [0x00000000ebe80000,0x00000000ebe80000,0x00000000ec000000)
  to   space 1536K, 0% used [0x00000000ebd00000,0x00000000ebd00000,0x00000000ebe80000)
 ParOldGen       total 68608K, used 31808K [0x00000000c0000000, 0x00000000c4300000, 0x00000000eab00000)
  object space 68608K, 46% used [0x00000000c0000000,0x00000000c1f103d8,0x00000000c4300000)
 Metaspace       used 58744K, committed 59776K, reserved 1114112K
  class space    used 6237K, committed 6720K, reserved 1048576K
}

