# JRE version: OpenJDK Runtime Environment Temurin-17.0.12+7 (17.0.12+7) (build 17.0.12+7)
# Java VM: OpenJDK 64-Bit Server VM Temurin-17.0.12+7 (17.0.12+7, mixed mode, tiered, compressed oops, compressed class ptrs, parallel gc, windows-amd64)
GC Precious Log:
 CPUs: 12 total, 12 available
 Memory: 7863M
 Large Page Support: Disabled
 NUMA Support: Disabled
 Compressed Oops: Enabled (32-bit)
 Alignments: Space 512K, Generation 512K, Heap 2M
 Heap Min Capacity: 100M
 Heap Initial Capacity: 100M
 Heap Max Capacity: 1G
 Pre-touch: Disabled
 Parallel Workers: 10
Heap:
 PSYoungGen      total 3584K, used 1248K [0x00000000eab00000, 0x00000000eb000000, 0x0000000100000000)
  eden space 3072K, 32% used [0x00000000eab00000,0x00000000eabf8350,0x00000000eae00000)
  from space 512K, 50% used [0x00000000eaf80000,0x00000000eafc0000,0x00000000eb000000)
  to   space 512K, 0% used [0x00000000eaf00000,0x00000000eaf00000,0x00000000eaf80000)
 ParOldGen       total 174592K, used 159618K [0x00000000c0000000, 0x00000000caa80000, 0x00000000eab00000)
  object space 174592K, 91% used [0x00000000c0000000,0x00000000c9be0be8,0x00000000caa80000)
 Metaspace       used 99243K, committed 100608K, reserved 1179648K
  class space    used 9717K, committed 10368K, reserved 1048576K
GC Heap History (20 events):
Event: 5877.837 GC heap before
{Heap before GC invocations=18410 (full 562):
 PSYoungGen      total 2560K, used 2492K [0x00000000eab00000, 0x00000000eb080000, 0x0000000100000000)
  eden space 2048K, 96% used [0x00000000eab00000,0x00000000eacef3c0,0x00000000ead00000)
  from space 512K, 100% used [0x00000000eae80000,0x00000000eaf00000,0x00000000eaf00000)
  to   space 1536K, 0% used [0x00000000ead00000,0x00000000ead00000,0x00000000eae80000)
 ParOldGen       total 174080K, used 171897K [0x00000000c0000000, 0x00000000caa00000, 0x00000000eab00000)
  object space 174080K, 98% used [0x00000000c0000000,0x00000000ca7de538,0x00000000caa00000)
 Metaspace       used 99212K, committed 100544K, reserved 1179648K
  class space    used 9717K, committed 10368K, reserved 1048576K
}
Event: 5877.839 GC heap after
{Heap after GC invocations=18410 (full 562):
 PSYoungGen      total 3584K, used 1088K [0x00000000eab00000, 0x00000000eb080000, 0x0000000100000000)
  eden space 2048K, 0% used [0x00000000eab00000,0x00000000eab00000,0x00000000ead00000)
  from space 1536K, 70% used [0x00000000ead00000,0x00000000eae10020,0x00000000eae80000)
  to   space 1536K, 0% used [0x00000000eaf00000,0x00000000eaf00000,0x00000000eb080000)
 ParOldGen       total 174080K, used 172453K [0x00000000c0000000, 0x00000000caa00000, 0x00000000eab00000)
  object space 174080K, 99% used [0x00000000c0000000,0x00000000ca869548,0x00000000caa00000)
 Metaspace       used 99212K, committed 100544K, reserved 1179648K
  class space    used 9717K, committed 10368K, reserved 1048576K
}
Event: 5877.846 GC heap before
{Heap before GC invocations=18411 (full 562):
 PSYoungGen      total 3584K, used 3136K [0x00000000eab00000, 0x00000000eb080000, 0x0000000100000000)
  eden space 2048K, 100% used [0x00000000eab00000,0x00000000ead00000,0x00000000ead00000)
  from space 1536K, 70% used [0x00000000ead00000,0x00000000eae10020,0x00000000eae80000)
  to   space 1536K, 0% used [0x00000000eaf00000,0x00000000eaf00000,0x00000000eb080000)
 ParOldGen       total 174080K, used 172453K [0x00000000c0000000, 0x00000000caa00000, 0x00000000eab00000)
  object space 174080K, 99% used [0x00000000c0000000,0x00000000ca869548,0x00000000caa00000)
 Metaspace       used 99212K, committed 100544K, reserved 1179648K
  class space    used 9717K, committed 10368K, reserved 1048576K
}
Event: 5877.848 GC heap after
{Heap after GC invocations=18411 (full 562):
 PSYoungGen      total 4096K, used 1024K [0x00000000eab00000, 0x00000000eb080000, 0x0000000100000000)
  eden space 2560K, 0% used [0x00000000eab00000,0x00000000eab00000,0x00000000ead80000)
  from space 1536K, 66% used [0x00000000eaf00000,0x00000000eb000020,0x00000000eb080000)
  to   space 1536K, 0% used [0x00000000ead80000,0x00000000ead80000,0x00000000eaf00000)
 ParOldGen       total 174080K, used 173101K [0x00000000c0000000, 0x00000000caa00000, 0x00000000eab00000)
  object space 174080K, 99% used [0x00000000c0000000,0x00000000ca90b548,0x00000000caa00000)
 Metaspace       used 99212K, committed 100544K, reserved 1179648K
  class space    used 9717K, committed 10368K, reserved 1048576K
}
Event: 5877.861 GC heap before
{Heap before GC invocations=18412 (full 562):
 PSYoungGen      total 4096K, used 3584K [0x00000000eab00000, 0x00000000eb080000, 0x0000000100000000)
  eden space 2560K, 100% used [0x00000000eab00000,0x00000000ead80000,0x00000000ead80000)
  from space 1536K, 66% used [0x00000000eaf00000,0x00000000eb000020,0x00000000eb080000)
  to   space 1536K, 0% used [0x00000000ead80000,0x00000000ead80000,0x00000000eaf00000)
 ParOldGen       total 174080K, used 173101K [0x00000000c0000000, 0x00000000caa00000, 0x00000000eab00000)
  object space 174080K, 99% used [0x00000000c0000000,0x00000000ca90b548,0x00000000caa00000)
 Metaspace       used 99224K, committed 100544K, reserved 1179648K
  class space    used 9717K, committed 10368K, reserved 1048576K
}
Event: 5877.863 GC heap after
{Heap after GC invocations=18412 (full 562):
 PSYoungGen      total 4096K, used 768K [0x00000000eab00000, 0x00000000eb000000, 0x0000000100000000)
  eden space 2560K, 0% used [0x00000000eab00000,0x00000000eab00000,0x00000000ead80000)
  from space 1536K, 50% used [0x00000000ead80000,0x00000000eae40000,0x00000000eaf00000)
  to   space 1024K, 0% used [0x00000000eaf00000,0x00000000eaf00000,0x00000000eb000000)
 ParOldGen       total 174080K, used 173977K [0x00000000c0000000, 0x00000000caa00000, 0x00000000eab00000)
  object space 174080K, 99% used [0x00000000c0000000,0x00000000ca9e6578,0x00000000caa00000)
 Metaspace       used 99224K, committed 100544K, reserved 1179648K
  class space    used 9717K, committed 10368K, reserved 1048576K
}
Event: 5877.863 GC heap before
{Heap before GC invocations=18413 (full 563):
 PSYoungGen      total 4096K, used 768K [0x00000000eab00000, 0x00000000eb000000, 0x0000000100000000)
  eden space 2560K, 0% used [0x00000000eab00000,0x00000000eab00000,0x00000000ead80000)
  from space 1536K, 50% used [0x00000000ead80000,0x00000000eae40000,0x00000000eaf00000)
  to   space 1024K, 0% used [0x00000000eaf00000,0x00000000eaf00000,0x00000000eb000000)
 ParOldGen       total 174080K, used 173977K [0x00000000c0000000, 0x00000000caa00000, 0x00000000eab00000)
  object space 174080K, 99% used [0x00000000c0000000,0x00000000ca9e6578,0x00000000caa00000)
 Metaspace       used 99224K, committed 100544K, reserved 1179648K
  class space    used 9717K, committed 10368K, reserved 1048576K
}
Event: 5877.940 GC heap after
{Heap after GC invocations=18413 (full 563):
 PSYoungGen      total 4096K, used 0K [0x00000000eab00000, 0x00000000eb000000, 0x0000000100000000)
  eden space 3072K, 0% used [0x00000000eab00000,0x00000000eab00000,0x00000000eae00000)
  from space 1024K, 0% used [0x00000000eaf00000,0x00000000eaf00000,0x00000000eb000000)
  to   space 1024K, 0% used [0x00000000eae00000,0x00000000eae00000,0x00000000eaf00000)
 ParOldGen       total 174592K, used 153854K [0x00000000c0000000, 0x00000000caa80000, 0x00000000eab00000)
  object space 174592K, 88% used [0x00000000c0000000,0x00000000c963fa48,0x00000000caa80000)
 Metaspace       used 99224K, committed 100544K, reserved 1179648K
  class space    used 9717K, committed 10368K, reserved 1048576K
}
Event: 5877.957 GC heap before
{Heap before GC invocations=18414 (full 563):
 PSYoungGen      total 4096K, used 3072K [0x00000000eab00000, 0x00000000eb000000, 0x0000000100000000)
  eden space 3072K, 100% used [0x00000000eab00000,0x00000000eae00000,0x00000000eae00000)
  from space 1024K, 0% used [0x00000000eaf00000,0x00000000eaf00000,0x00000000eb000000)
  to   space 1024K, 0% used [0x00000000eae00000,0x00000000eae00000,0x00000000eaf00000)
 ParOldGen       total 174592K, used 153854K [0x00000000c0000000, 0x00000000caa80000, 0x00000000eab00000)
  object space 174592K, 88% used [0x00000000c0000000,0x00000000c963fa48,0x00000000caa80000)
 Metaspace       used 99229K, committed 100608K, reserved 1179648K
  class space    used 9717K, committed 10368K, reserved 1048576K
}
Event: 5877.958 GC heap after
{Heap after GC invocations=18414 (full 563):
 PSYoungGen      total 4096K, used 928K [0x00000000eab00000, 0x00000000eb000000, 0x0000000100000000)
  eden space 3072K, 0% used [0x00000000eab00000,0x00000000eab00000,0x00000000eae00000)
  from space 1024K, 90% used [0x00000000eae00000,0x00000000eaee8000,0x00000000eaf00000)
  to   space 1024K, 0% used [0x00000000eaf00000,0x00000000eaf00000,0x00000000eb000000)
 ParOldGen       total 174592K, used 153854K [0x00000000c0000000, 0x00000000caa80000, 0x00000000eab00000)
  object space 174592K, 88% used [0x00000000c0000000,0x00000000c963fa48,0x00000000caa80000)
 Metaspace       used 99229K, committed 100608K, reserved 1179648K
  class space    used 9717K, committed 10368K, reserved 1048576K
}
Event: 5877.967 GC heap before
{Heap before GC invocations=18415 (full 563):
 PSYoungGen      total 4096K, used 4000K [0x00000000eab00000, 0x00000000eb000000, 0x0000000100000000)
  eden space 3072K, 100% used [0x00000000eab00000,0x00000000eae00000,0x00000000eae00000)
  from space 1024K, 90% used [0x00000000eae00000,0x00000000eaee8000,0x00000000eaf00000)
  to   space 1024K, 0% used [0x00000000eaf00000,0x00000000eaf00000,0x00000000eb000000)
 ParOldGen       total 174592K, used 153854K [0x00000000c0000000, 0x00000000caa80000, 0x00000000eab00000)
  object space 174592K, 88% used [0x00000000c0000000,0x00000000c963fa48,0x00000000caa80000)
 Metaspace       used 99234K, committed 100608K, reserved 1179648K
  class space    used 9717K, committed 10368K, reserved 1048576K
}
Event: 5877.968 GC heap after
{Heap after GC invocations=18415 (full 563):
 PSYoungGen      total 4096K, used 1006K [0x00000000eab00000, 0x00000000eb000000, 0x0000000100000000)
  eden space 3072K, 0% used [0x00000000eab00000,0x00000000eab00000,0x00000000eae00000)
  from space 1024K, 98% used [0x00000000eaf00000,0x00000000eaffbb90,0x00000000eb000000)
  to   space 1024K, 0% used [0x00000000eae00000,0x00000000eae00000,0x00000000eaf00000)
 ParOldGen       total 174592K, used 155088K [0x00000000c0000000, 0x00000000caa80000, 0x00000000eab00000)
  object space 174592K, 88% used [0x00000000c0000000,0x00000000c97740c8,0x00000000caa80000)
 Metaspace       used 99234K, committed 100608K, reserved 1179648K
  class space    used 9717K, committed 10368K, reserved 1048576K
}
Event: 5877.979 GC heap before
{Heap before GC invocations=18416 (full 563):
 PSYoungGen      total 4096K, used 4078K [0x00000000eab00000, 0x00000000eb000000, 0x0000000100000000)
  eden space 3072K, 100% used [0x00000000eab00000,0x00000000eae00000,0x00000000eae00000)
  from space 1024K, 98% used [0x00000000eaf00000,0x00000000eaffbb90,0x00000000eb000000)
  to   space 1024K, 0% used [0x00000000eae00000,0x00000000eae00000,0x00000000eaf00000)
 ParOldGen       total 174592K, used 155088K [0x00000000c0000000, 0x00000000caa80000, 0x00000000eab00000)
  object space 174592K, 88% used [0x00000000c0000000,0x00000000c97740c8,0x00000000caa80000)
 Metaspace       used 99240K, committed 100608K, reserved 1179648K
  class space    used 9717K, committed 10368K, reserved 1048576K
}
Event: 5877.982 GC heap after
{Heap after GC invocations=18416 (full 563):
 PSYoungGen      total 4096K, used 1024K [0x00000000eab00000, 0x00000000eb000000, 0x0000000100000000)
  eden space 3072K, 0% used [0x00000000eab00000,0x00000000eab00000,0x00000000eae00000)
  from space 1024K, 100% used [0x00000000eae00000,0x00000000eaf00000,0x00000000eaf00000)
  to   space 1024K, 0% used [0x00000000eaf00000,0x00000000eaf00000,0x00000000eb000000)
 ParOldGen       total 174592K, used 157154K [0x00000000c0000000, 0x00000000caa80000, 0x00000000eab00000)
  object space 174592K, 90% used [0x00000000c0000000,0x00000000c9978a58,0x00000000caa80000)
 Metaspace       used 99240K, committed 100608K, reserved 1179648K
  class space    used 9717K, committed 10368K, reserved 1048576K
}
Event: 5877.987 GC heap before
{Heap before GC invocations=18417 (full 563):
 PSYoungGen      total 4096K, used 4096K [0x00000000eab00000, 0x00000000eb000000, 0x0000000100000000)
  eden space 3072K, 100% used [0x00000000eab00000,0x00000000eae00000,0x00000000eae00000)
  from space 1024K, 100% used [0x00000000eae00000,0x00000000eaf00000,0x00000000eaf00000)
  to   space 1024K, 0% used [0x00000000eaf00000,0x00000000eaf00000,0x00000000eb000000)
 ParOldGen       total 174592K, used 157154K [0x00000000c0000000, 0x00000000caa80000, 0x00000000eab00000)
  object space 174592K, 90% used [0x00000000c0000000,0x00000000c9978a58,0x00000000caa80000)
 Metaspace       used 99241K, committed 100608K, reserved 1179648K
  class space    used 9717K, committed 10368K, reserved 1048576K
}
Event: 5877.989 GC heap after
{Heap after GC invocations=18417 (full 563):
 PSYoungGen      total 4096K, used 1024K [0x00000000eab00000, 0x00000000eb000000, 0x0000000100000000)
  eden space 3072K, 0% used [0x00000000eab00000,0x00000000eab00000,0x00000000eae00000)
  from space 1024K, 100% used [0x00000000eaf00000,0x00000000eb000000,0x00000000eb000000)
  to   space 1024K, 0% used [0x00000000eae00000,0x00000000eae00000,0x00000000eaf00000)
 ParOldGen       total 174592K, used 158286K [0x00000000c0000000, 0x00000000caa80000, 0x00000000eab00000)
  object space 174592K, 90% used [0x00000000c0000000,0x00000000c9a93ab8,0x00000000caa80000)
 Metaspace       used 99241K, committed 100608K, reserved 1179648K
  class space    used 9717K, committed 10368K, reserved 1048576K
}
Event: 5877.996 GC heap before
{Heap before GC invocations=18418 (full 563):
 PSYoungGen      total 4096K, used 4096K [0x00000000eab00000, 0x00000000eb000000, 0x0000000100000000)
  eden space 3072K, 100% used [0x00000000eab00000,0x00000000eae00000,0x00000000eae00000)
  from space 1024K, 100% used [0x00000000eaf00000,0x00000000eb000000,0x00000000eb000000)
  to   space 1024K, 0% used [0x00000000eae00000,0x00000000eae00000,0x00000000eaf00000)
 ParOldGen       total 174592K, used 158286K [0x00000000c0000000, 0x00000000caa80000, 0x00000000eab00000)
  object space 174592K, 90% used [0x00000000c0000000,0x00000000c9a93ab8,0x00000000caa80000)
 Metaspace       used 99241K, committed 100608K, reserved 1179648K
  class space    used 9717K, committed 10368K, reserved 1048576K
}
Event: 5877.997 GC heap after
{Heap after GC invocations=18418 (full 563):
 PSYoungGen      total 4096K, used 544K [0x00000000eab00000, 0x00000000eb100000, 0x0000000100000000)
  eden space 3072K, 0% used [0x00000000eab00000,0x00000000eab00000,0x00000000eae00000)
  from space 1024K, 53% used [0x00000000eae00000,0x00000000eae88000,0x00000000eaf00000)
  to   space 1536K, 0% used [0x00000000eaf80000,0x00000000eaf80000,0x00000000eb100000)
 ParOldGen       total 174592K, used 159262K [0x00000000c0000000, 0x00000000caa80000, 0x00000000eab00000)
  object space 174592K, 91% used [0x00000000c0000000,0x00000000c9b87b58,0x00000000caa80000)
 Metaspace       used 99241K, committed 100608K, reserved 1179648K
  class space    used 9717K, committed 10368K, reserved 1048576K
}
Event: 5878.002 GC heap before
{Heap before GC invocations=18419 (full 563):
 PSYoungGen      total 4096K, used 3615K [0x00000000eab00000, 0x00000000eb100000, 0x0000000100000000)
  eden space 3072K, 99% used [0x00000000eab00000,0x00000000eadffff8,0x00000000eae00000)
  from space 1024K, 53% used [0x00000000eae00000,0x00000000eae88000,0x00000000eaf00000)
  to   space 1536K, 0% used [0x00000000eaf80000,0x00000000eaf80000,0x00000000eb100000)
 ParOldGen       total 174592K, used 159262K [0x00000000c0000000, 0x00000000caa80000, 0x00000000eab00000)
  object space 174592K, 91% used [0x00000000c0000000,0x00000000c9b87b58,0x00000000caa80000)
 Metaspace       used 99243K, committed 100608K, reserved 1179648K
  class space    used 9717K, committed 10368K, reserved 1048576K
}
Event: 5878.003 GC heap after
{Heap after GC invocations=18419 (full 563):
 PSYoungGen      total 3584K, used 256K [0x00000000eab00000, 0x00000000eb000000, 0x0000000100000000)
  eden space 3072K, 0% used [0x00000000eab00000,0x00000000eab00000,0x00000000eae00000)
  from space 512K, 50% used [0x00000000eaf80000,0x00000000eafc0000,0x00000000eb000000)
  to   space 512K, 0% used [0x00000000eaf00000,0x00000000eaf00000,0x00000000eaf80000)
 ParOldGen       total 174592K, used 159618K [0x00000000c0000000, 0x00000000caa80000, 0x00000000eab00000)
  object space 174592K, 91% used [0x00000000c0000000,0x00000000c9be0be8,0x00000000caa80000)
 Metaspace       used 99243K, committed 100608K, reserved 1179648K
  class space    used 9717K, committed 10368K, reserved 1048576K
}

