# JRE version: OpenJDK Runtime Environment Temurin-17.0.11+9 (17.0.11+9) (build 17.0.11+9)
# Java VM: OpenJDK 64-Bit Server VM Temurin-17.0.11+9 (17.0.11+9, mixed mode, tiered, compressed oops, compressed class ptrs, parallel gc, windows-amd64)
GC Precious Log:
 CPUs: 12 total, 12 available
 Memory: 7863M
 Large Page Support: Disabled
 NUMA Support: Disabled
 Compressed Oops: Enabled (32-bit)
 Alignments: Space 512K, Generation 512K, Heap 2M
 Heap Min Capacity: 100M
 Heap Initial Capacity: 100M
 Heap Max Capacity: 1G
 Pre-touch: Disabled
 Parallel Workers: 10
Heap:
 PSYoungGen      total 17920K, used 15134K [0x00000000eab00000, 0x00000000ec380000, 0x0000000100000000)
  eden space 11776K, 76% used [0x00000000eab00000,0x00000000eb3c9f60,0x00000000eb680000)
  from space 6144K, 99% used [0x00000000eb680000,0x00000000ebc7db40,0x00000000ebc80000)
  to   space 6656K, 0% used [0x00000000ebd00000,0x00000000ebd00000,0x00000000ec380000)
 ParOldGen       total 118272K, used 90007K [0x00000000c0000000, 0x00000000c7380000, 0x00000000eab00000)
  object space 118272K, 76% used [0x00000000c0000000,0x00000000c57e5cc0,0x00000000c7380000)
 Metaspace       used 75674K, committed 76992K, reserved 1179648K
  class space    used 8169K, committed 8768K, reserved 1048576K
GC Heap History (20 events):
Event: 49.072 GC heap before
{Heap before GC invocations=53 (full 5):
 PSYoungGen      total 16384K, used 13695K [0x00000000eab00000, 0x00000000ec100000, 0x0000000100000000)
  eden space 12800K, 99% used [0x00000000eab00000,0x00000000eb77bf40,0x00000000eb780000)
  from space 3584K, 25% used [0x00000000eba80000,0x00000000ebb64010,0x00000000ebe00000)
  to   space 2048K, 0% used [0x00000000ebf00000,0x00000000ebf00000,0x00000000ec100000)
 ParOldGen       total 106496K, used 99547K [0x00000000c0000000, 0x00000000c6800000, 0x00000000eab00000)
  object space 106496K, 93% used [0x00000000c0000000,0x00000000c6136fe0,0x00000000c6800000)
 Metaspace       used 73780K, committed 75008K, reserved 1179648K
  class space    used 7973K, committed 8512K, reserved 1048576K
}
Event: 49.074 GC heap after
{Heap after GC invocations=53 (full 5):
 PSYoungGen      total 13824K, used 514K [0x00000000eab00000, 0x00000000ec000000, 0x0000000100000000)
  eden space 12800K, 0% used [0x00000000eab00000,0x00000000eab00000,0x00000000eb780000)
  from space 1024K, 50% used [0x00000000ebf00000,0x00000000ebf80ae0,0x00000000ec000000)
  to   space 1024K, 0% used [0x00000000ebe00000,0x00000000ebe00000,0x00000000ebf00000)
 ParOldGen       total 106496K, used 99555K [0x00000000c0000000, 0x00000000c6800000, 0x00000000eab00000)
  object space 106496K, 93% used [0x00000000c0000000,0x00000000c6138fe0,0x00000000c6800000)
 Metaspace       used 73780K, committed 75008K, reserved 1179648K
  class space    used 7973K, committed 8512K, reserved 1048576K
}
Event: 49.116 GC heap before
{Heap before GC invocations=54 (full 5):
 PSYoungGen      total 13824K, used 13314K [0x00000000eab00000, 0x00000000ec000000, 0x0000000100000000)
  eden space 12800K, 100% used [0x00000000eab00000,0x00000000eb780000,0x00000000eb780000)
  from space 1024K, 50% used [0x00000000ebf00000,0x00000000ebf80ae0,0x00000000ec000000)
  to   space 1024K, 0% used [0x00000000ebe00000,0x00000000ebe00000,0x00000000ebf00000)
 ParOldGen       total 106496K, used 99555K [0x00000000c0000000, 0x00000000c6800000, 0x00000000eab00000)
  object space 106496K, 93% used [0x00000000c0000000,0x00000000c6138fe0,0x00000000c6800000)
 Metaspace       used 73912K, committed 75136K, reserved 1179648K
  class space    used 7984K, committed 8512K, reserved 1048576K
}
Event: 49.118 GC heap after
{Heap after GC invocations=54 (full 5):
 PSYoungGen      total 13824K, used 768K [0x00000000eab00000, 0x00000000ebf80000, 0x0000000100000000)
  eden space 12800K, 0% used [0x00000000eab00000,0x00000000eab00000,0x00000000eb780000)
  from space 1024K, 75% used [0x00000000ebe00000,0x00000000ebec0040,0x00000000ebf00000)
  to   space 512K, 0% used [0x00000000ebf00000,0x00000000ebf00000,0x00000000ebf80000)
 ParOldGen       total 106496K, used 99555K [0x00000000c0000000, 0x00000000c6800000, 0x00000000eab00000)
  object space 106496K, 93% used [0x00000000c0000000,0x00000000c6138fe0,0x00000000c6800000)
 Metaspace       used 73912K, committed 75136K, reserved 1179648K
  class space    used 7984K, committed 8512K, reserved 1048576K
}
Event: 49.263 GC heap before
{Heap before GC invocations=55 (full 5):
 PSYoungGen      total 13824K, used 13568K [0x00000000eab00000, 0x00000000ebf80000, 0x0000000100000000)
  eden space 12800K, 100% used [0x00000000eab00000,0x00000000eb780000,0x00000000eb780000)
  from space 1024K, 75% used [0x00000000ebe00000,0x00000000ebec0040,0x00000000ebf00000)
  to   space 512K, 0% used [0x00000000ebf00000,0x00000000ebf00000,0x00000000ebf80000)
 ParOldGen       total 106496K, used 99555K [0x00000000c0000000, 0x00000000c6800000, 0x00000000eab00000)
  object space 106496K, 93% used [0x00000000c0000000,0x00000000c6138fe0,0x00000000c6800000)
 Metaspace       used 74291K, committed 75456K, reserved 1179648K
  class space    used 8024K, committed 8512K, reserved 1048576K
}
Event: 49.264 GC heap after
{Heap after GC invocations=55 (full 5):
 PSYoungGen      total 13312K, used 480K [0x00000000eab00000, 0x00000000ebf80000, 0x0000000100000000)
  eden space 12800K, 0% used [0x00000000eab00000,0x00000000eab00000,0x00000000eb780000)
  from space 512K, 93% used [0x00000000ebf00000,0x00000000ebf78010,0x00000000ebf80000)
  to   space 1024K, 0% used [0x00000000ebd80000,0x00000000ebd80000,0x00000000ebe80000)
 ParOldGen       total 106496K, used 99972K [0x00000000c0000000, 0x00000000c6800000, 0x00000000eab00000)
  object space 106496K, 93% used [0x00000000c0000000,0x00000000c61a1010,0x00000000c6800000)
 Metaspace       used 74291K, committed 75456K, reserved 1179648K
  class space    used 8024K, committed 8512K, reserved 1048576K
}
Event: 59.661 GC heap before
{Heap before GC invocations=56 (full 5):
 PSYoungGen      total 13312K, used 13280K [0x00000000eab00000, 0x00000000ebf80000, 0x0000000100000000)
  eden space 12800K, 100% used [0x00000000eab00000,0x00000000eb780000,0x00000000eb780000)
  from space 512K, 93% used [0x00000000ebf00000,0x00000000ebf78010,0x00000000ebf80000)
  to   space 1024K, 0% used [0x00000000ebd80000,0x00000000ebd80000,0x00000000ebe80000)
 ParOldGen       total 106496K, used 99972K [0x00000000c0000000, 0x00000000c6800000, 0x00000000eab00000)
  object space 106496K, 93% used [0x00000000c0000000,0x00000000c61a1010,0x00000000c6800000)
 Metaspace       used 74994K, committed 76288K, reserved 1179648K
  class space    used 8127K, committed 8704K, reserved 1048576K
}
Event: 59.662 GC heap after
{Heap after GC invocations=56 (full 5):
 PSYoungGen      total 13824K, used 912K [0x00000000eab00000, 0x00000000ebf80000, 0x0000000100000000)
  eden space 12800K, 0% used [0x00000000eab00000,0x00000000eab00000,0x00000000eb780000)
  from space 1024K, 89% used [0x00000000ebd80000,0x00000000ebe64060,0x00000000ebe80000)
  to   space 1024K, 0% used [0x00000000ebe80000,0x00000000ebe80000,0x00000000ebf80000)
 ParOldGen       total 106496K, used 100124K [0x00000000c0000000, 0x00000000c6800000, 0x00000000eab00000)
  object space 106496K, 94% used [0x00000000c0000000,0x00000000c61c7010,0x00000000c6800000)
 Metaspace       used 74994K, committed 76288K, reserved 1179648K
  class space    used 8127K, committed 8704K, reserved 1048576K
}
Event: 61.205 GC heap before
{Heap before GC invocations=57 (full 5):
 PSYoungGen      total 13824K, used 13712K [0x00000000eab00000, 0x00000000ebf80000, 0x0000000100000000)
  eden space 12800K, 100% used [0x00000000eab00000,0x00000000eb780000,0x00000000eb780000)
  from space 1024K, 89% used [0x00000000ebd80000,0x00000000ebe64060,0x00000000ebe80000)
  to   space 1024K, 0% used [0x00000000ebe80000,0x00000000ebe80000,0x00000000ebf80000)
 ParOldGen       total 106496K, used 100124K [0x00000000c0000000, 0x00000000c6800000, 0x00000000eab00000)
  object space 106496K, 94% used [0x00000000c0000000,0x00000000c61c7010,0x00000000c6800000)
 Metaspace       used 75375K, committed 76672K, reserved 1179648K
  class space    used 8166K, committed 8768K, reserved 1048576K
}
Event: 61.207 GC heap after
{Heap after GC invocations=57 (full 5):
 PSYoungGen      total 13824K, used 1000K [0x00000000eab00000, 0x00000000ebf80000, 0x0000000100000000)
  eden space 12800K, 0% used [0x00000000eab00000,0x00000000eab00000,0x00000000eb780000)
  from space 1024K, 97% used [0x00000000ebe80000,0x00000000ebf7a0b8,0x00000000ebf80000)
  to   space 3072K, 0% used [0x00000000eb980000,0x00000000eb980000,0x00000000ebc80000)
 ParOldGen       total 106496K, used 101701K [0x00000000c0000000, 0x00000000c6800000, 0x00000000eab00000)
  object space 106496K, 95% used [0x00000000c0000000,0x00000000c6351520,0x00000000c6800000)
 Metaspace       used 75375K, committed 76672K, reserved 1179648K
  class space    used 8166K, committed 8768K, reserved 1048576K
}
Event: 61.384 GC heap before
{Heap before GC invocations=58 (full 5):
 PSYoungGen      total 13824K, used 13800K [0x00000000eab00000, 0x00000000ebf80000, 0x0000000100000000)
  eden space 12800K, 99% used [0x00000000eab00000,0x00000000eb77ff68,0x00000000eb780000)
  from space 1024K, 97% used [0x00000000ebe80000,0x00000000ebf7a0b8,0x00000000ebf80000)
  to   space 3072K, 0% used [0x00000000eb980000,0x00000000eb980000,0x00000000ebc80000)
 ParOldGen       total 106496K, used 101701K [0x00000000c0000000, 0x00000000c6800000, 0x00000000eab00000)
  object space 106496K, 95% used [0x00000000c0000000,0x00000000c6351520,0x00000000c6800000)
 Metaspace       used 75393K, committed 76736K, reserved 1179648K
  class space    used 8166K, committed 8768K, reserved 1048576K
}
Event: 61.385 GC heap after
{Heap after GC invocations=58 (full 5):
 PSYoungGen      total 15872K, used 1384K [0x00000000eab00000, 0x00000000ebf00000, 0x0000000100000000)
  eden space 12800K, 0% used [0x00000000eab00000,0x00000000eab00000,0x00000000eb780000)
  from space 3072K, 45% used [0x00000000eb980000,0x00000000ebada0a8,0x00000000ebc80000)
  to   space 2048K, 0% used [0x00000000ebd00000,0x00000000ebd00000,0x00000000ebf00000)
 ParOldGen       total 106496K, used 102013K [0x00000000c0000000, 0x00000000c6800000, 0x00000000eab00000)
  object space 106496K, 95% used [0x00000000c0000000,0x00000000c639f530,0x00000000c6800000)
 Metaspace       used 75393K, committed 76736K, reserved 1179648K
  class space    used 8166K, committed 8768K, reserved 1048576K
}
Event: 64.395 GC heap before
{Heap before GC invocations=59 (full 5):
 PSYoungGen      total 15872K, used 14184K [0x00000000eab00000, 0x00000000ebf00000, 0x0000000100000000)
  eden space 12800K, 100% used [0x00000000eab00000,0x00000000eb780000,0x00000000eb780000)
  from space 3072K, 45% used [0x00000000eb980000,0x00000000ebada0a8,0x00000000ebc80000)
  to   space 2048K, 0% used [0x00000000ebd00000,0x00000000ebd00000,0x00000000ebf00000)
 ParOldGen       total 106496K, used 102013K [0x00000000c0000000, 0x00000000c6800000, 0x00000000eab00000)
  object space 106496K, 95% used [0x00000000c0000000,0x00000000c639f530,0x00000000c6800000)
 Metaspace       used 75500K, committed 76800K, reserved 1179648K
  class space    used 8168K, committed 8768K, reserved 1048576K
}
Event: 64.398 GC heap after
{Heap after GC invocations=59 (full 5):
 PSYoungGen      total 13824K, used 2025K [0x00000000eab00000, 0x00000000ec480000, 0x0000000100000000)
  eden space 11776K, 0% used [0x00000000eab00000,0x00000000eab00000,0x00000000eb680000)
  from space 2048K, 98% used [0x00000000ebd00000,0x00000000ebefa5f0,0x00000000ebf00000)
  to   space 6656K, 0% used [0x00000000eb680000,0x00000000eb680000,0x00000000ebd00000)
 ParOldGen       total 106496K, used 105781K [0x00000000c0000000, 0x00000000c6800000, 0x00000000eab00000)
  object space 106496K, 99% used [0x00000000c0000000,0x00000000c674d530,0x00000000c6800000)
 Metaspace       used 75500K, committed 76800K, reserved 1179648K
  class space    used 8168K, committed 8768K, reserved 1048576K
}
Event: 64.398 GC heap before
{Heap before GC invocations=60 (full 6):
 PSYoungGen      total 13824K, used 2025K [0x00000000eab00000, 0x00000000ec480000, 0x0000000100000000)
  eden space 11776K, 0% used [0x00000000eab00000,0x00000000eab00000,0x00000000eb680000)
  from space 2048K, 98% used [0x00000000ebd00000,0x00000000ebefa5f0,0x00000000ebf00000)
  to   space 6656K, 0% used [0x00000000eb680000,0x00000000eb680000,0x00000000ebd00000)
 ParOldGen       total 106496K, used 105781K [0x00000000c0000000, 0x00000000c6800000, 0x00000000eab00000)
  object space 106496K, 99% used [0x00000000c0000000,0x00000000c674d530,0x00000000c6800000)
 Metaspace       used 75500K, committed 76800K, reserved 1179648K
  class space    used 8168K, committed 8768K, reserved 1048576K
}
Event: 64.450 GC heap after
{Heap after GC invocations=60 (full 6):
 PSYoungGen      total 18432K, used 0K [0x00000000eab00000, 0x00000000ec380000, 0x0000000100000000)
  eden space 11776K, 0% used [0x00000000eab00000,0x00000000eab00000,0x00000000eb680000)
  from space 6656K, 0% used [0x00000000eb680000,0x00000000eb680000,0x00000000ebd00000)
  to   space 6656K, 0% used [0x00000000ebd00000,0x00000000ebd00000,0x00000000ec380000)
 ParOldGen       total 118272K, used 89815K [0x00000000c0000000, 0x00000000c7380000, 0x00000000eab00000)
  object space 118272K, 75% used [0x00000000c0000000,0x00000000c57b5cc0,0x00000000c7380000)
 Metaspace       used 75500K, committed 76800K, reserved 1179648K
  class space    used 8168K, committed 8768K, reserved 1048576K
}
Event: 64.510 GC heap before
{Heap before GC invocations=61 (full 6):
 PSYoungGen      total 18432K, used 11776K [0x00000000eab00000, 0x00000000ec380000, 0x0000000100000000)
  eden space 11776K, 100% used [0x00000000eab00000,0x00000000eb680000,0x00000000eb680000)
  from space 6656K, 0% used [0x00000000eb680000,0x00000000eb680000,0x00000000ebd00000)
  to   space 6656K, 0% used [0x00000000ebd00000,0x00000000ebd00000,0x00000000ec380000)
 ParOldGen       total 118272K, used 89815K [0x00000000c0000000, 0x00000000c7380000, 0x00000000eab00000)
  object space 118272K, 75% used [0x00000000c0000000,0x00000000c57b5cc0,0x00000000c7380000)
 Metaspace       used 75545K, committed 76864K, reserved 1179648K
  class space    used 8168K, committed 8768K, reserved 1048576K
}
Event: 64.513 GC heap after
{Heap after GC invocations=61 (full 6):
 PSYoungGen      total 17408K, used 5500K [0x00000000eab00000, 0x00000000ec280000, 0x0000000100000000)
  eden space 11776K, 0% used [0x00000000eab00000,0x00000000eab00000,0x00000000eb680000)
  from space 5632K, 97% used [0x00000000ebd00000,0x00000000ec25f2e0,0x00000000ec280000)
  to   space 6144K, 0% used [0x00000000eb680000,0x00000000eb680000,0x00000000ebc80000)
 ParOldGen       total 118272K, used 89823K [0x00000000c0000000, 0x00000000c7380000, 0x00000000eab00000)
  object space 118272K, 75% used [0x00000000c0000000,0x00000000c57b7cc0,0x00000000c7380000)
 Metaspace       used 75545K, committed 76864K, reserved 1179648K
  class space    used 8168K, committed 8768K, reserved 1048576K
}
Event: 145.905 GC heap before
{Heap before GC invocations=62 (full 6):
 PSYoungGen      total 17408K, used 17276K [0x00000000eab00000, 0x00000000ec280000, 0x0000000100000000)
  eden space 11776K, 100% used [0x00000000eab00000,0x00000000eb680000,0x00000000eb680000)
  from space 5632K, 97% used [0x00000000ebd00000,0x00000000ec25f2e0,0x00000000ec280000)
  to   space 6144K, 0% used [0x00000000eb680000,0x00000000eb680000,0x00000000ebc80000)
 ParOldGen       total 118272K, used 89823K [0x00000000c0000000, 0x00000000c7380000, 0x00000000eab00000)
  object space 118272K, 75% used [0x00000000c0000000,0x00000000c57b7cc0,0x00000000c7380000)
 Metaspace       used 75597K, committed 76928K, reserved 1179648K
  class space    used 8169K, committed 8768K, reserved 1048576K
}
Event: 145.908 GC heap after
{Heap after GC invocations=62 (full 6):
 PSYoungGen      total 17920K, used 6134K [0x00000000eab00000, 0x00000000ec380000, 0x0000000100000000)
  eden space 11776K, 0% used [0x00000000eab00000,0x00000000eab00000,0x00000000eb680000)
  from space 6144K, 99% used [0x00000000eb680000,0x00000000ebc7db40,0x00000000ebc80000)
  to   space 6656K, 0% used [0x00000000ebd00000,0x00000000ebd00000,0x00000000ec380000)
 ParOldGen       total 118272K, used 90007K [0x00000000c0000000, 0x00000000c7380000, 0x00000000eab00000)
  object space 118272K, 76% used [0x00000000c0000000,0x00000000c57e5cc0,0x00000000c7380000)
 Metaspace       used 75597K, committed 76928K, reserved 1179648K
  class space    used 8169K, committed 8768K, reserved 1048576K
}

