# JRE version: OpenJDK Runtime Environment Temurin-17.0.11+9 (17.0.11+9) (build 17.0.11+9)
# Java VM: OpenJDK 64-Bit Server VM Temurin-17.0.11+9 (17.0.11+9, mixed mode, tiered, compressed oops, compressed class ptrs, parallel gc, windows-amd64)
GC Precious Log:
 CPUs: 12 total, 12 available
 Memory: 7863M
 Large Page Support: Disabled
 NUMA Support: Disabled
 Compressed Oops: Enabled (32-bit)
 Alignments: Space 512K, Generation 512K, Heap 2M
 Heap Min Capacity: 100M
 Heap Initial Capacity: 100M
 Heap Max Capacity: 1G
 Pre-touch: Disabled
 Parallel Workers: 10
Heap:
 PSYoungGen      total 23040K, used 15544K [0x00000000eab00000, 0x00000000ec500000, 0x0000000100000000)
  eden space 20480K, 63% used [0x00000000eab00000,0x00000000eb7ba080,0x00000000ebf00000)
  from space 2560K, 98% used [0x00000000ebf80000,0x00000000ec1f42e0,0x00000000ec200000)
  to   space 3072K, 0% used [0x00000000ec200000,0x00000000ec200000,0x00000000ec500000)
 ParOldGen       total 68608K, used 57887K [0x00000000c0000000, 0x00000000c4300000, 0x00000000eab00000)
  object space 68608K, 84% used [0x00000000c0000000,0x00000000c3887fb0,0x00000000c4300000)
 Metaspace       used 74560K, committed 75776K, reserved 1179648K
  class space    used 8015K, committed 8512K, reserved 1048576K
GC Heap History (20 events):
Event: 6.618 GC heap before
{Heap before GC invocations=41 (full 3):
 PSYoungGen      total 24576K, used 20952K [0x00000000eab00000, 0x00000000ec700000, 0x0000000100000000)
  eden space 20480K, 94% used [0x00000000eab00000,0x00000000ebdf7dd0,0x00000000ebf00000)
  from space 4096K, 37% used [0x00000000ec080000,0x00000000ec1fe478,0x00000000ec480000)
  to   space 2048K, 0% used [0x00000000ec500000,0x00000000ec500000,0x00000000ec700000)
 ParOldGen       total 68608K, used 49136K [0x00000000c0000000, 0x00000000c4300000, 0x00000000eab00000)
  object space 68608K, 71% used [0x00000000c0000000,0x00000000c2ffc130,0x00000000c4300000)
 Metaspace       used 67543K, committed 68672K, reserved 1114112K
  class space    used 7284K, committed 7744K, reserved 1048576K
}
Event: 6.621 GC heap after
{Heap after GC invocations=41 (full 3):
 PSYoungGen      total 21504K, used 880K [0x00000000eab00000, 0x00000000ec600000, 0x0000000100000000)
  eden space 20480K, 0% used [0x00000000eab00000,0x00000000eab00000,0x00000000ebf00000)
  from space 1024K, 86% used [0x00000000ec500000,0x00000000ec5dc3f0,0x00000000ec600000)
  to   space 1536K, 0% used [0x00000000ec300000,0x00000000ec300000,0x00000000ec480000)
 ParOldGen       total 68608K, used 50459K [0x00000000c0000000, 0x00000000c4300000, 0x00000000eab00000)
  object space 68608K, 73% used [0x00000000c0000000,0x00000000c3146cf0,0x00000000c4300000)
 Metaspace       used 67543K, committed 68672K, reserved 1114112K
  class space    used 7284K, committed 7744K, reserved 1048576K
}
Event: 6.766 GC heap before
{Heap before GC invocations=42 (full 3):
 PSYoungGen      total 21504K, used 21244K [0x00000000eab00000, 0x00000000ec600000, 0x0000000100000000)
  eden space 20480K, 99% used [0x00000000eab00000,0x00000000ebee2de0,0x00000000ebf00000)
  from space 1024K, 86% used [0x00000000ec500000,0x00000000ec5dc3f0,0x00000000ec600000)
  to   space 1536K, 0% used [0x00000000ec300000,0x00000000ec300000,0x00000000ec480000)
 ParOldGen       total 68608K, used 50459K [0x00000000c0000000, 0x00000000c4300000, 0x00000000eab00000)
  object space 68608K, 73% used [0x00000000c0000000,0x00000000c3146cf0,0x00000000c4300000)
 Metaspace       used 67630K, committed 68800K, reserved 1114112K
  class space    used 7287K, committed 7744K, reserved 1048576K
}
Event: 6.767 GC heap after
{Heap after GC invocations=42 (full 3):
 PSYoungGen      total 22016K, used 975K [0x00000000eab00000, 0x00000000ec580000, 0x0000000100000000)
  eden space 20480K, 0% used [0x00000000eab00000,0x00000000eab00000,0x00000000ebf00000)
  from space 1536K, 63% used [0x00000000ec300000,0x00000000ec3f3e20,0x00000000ec480000)
  to   space 1024K, 0% used [0x00000000ec480000,0x00000000ec480000,0x00000000ec580000)
 ParOldGen       total 68608K, used 51119K [0x00000000c0000000, 0x00000000c4300000, 0x00000000eab00000)
  object space 68608K, 74% used [0x00000000c0000000,0x00000000c31ebdc0,0x00000000c4300000)
 Metaspace       used 67630K, committed 68800K, reserved 1114112K
  class space    used 7287K, committed 7744K, reserved 1048576K
}
Event: 6.953 GC heap before
{Heap before GC invocations=43 (full 3):
 PSYoungGen      total 22016K, used 21455K [0x00000000eab00000, 0x00000000ec580000, 0x0000000100000000)
  eden space 20480K, 100% used [0x00000000eab00000,0x00000000ebf00000,0x00000000ebf00000)
  from space 1536K, 63% used [0x00000000ec300000,0x00000000ec3f3e20,0x00000000ec480000)
  to   space 1024K, 0% used [0x00000000ec480000,0x00000000ec480000,0x00000000ec580000)
 ParOldGen       total 68608K, used 51119K [0x00000000c0000000, 0x00000000c4300000, 0x00000000eab00000)
  object space 68608K, 74% used [0x00000000c0000000,0x00000000c31ebdc0,0x00000000c4300000)
 Metaspace       used 68788K, committed 69952K, reserved 1114112K
  class space    used 7431K, committed 7936K, reserved 1048576K
}
Event: 6.954 GC heap after
{Heap after GC invocations=43 (full 3):
 PSYoungGen      total 21504K, used 791K [0x00000000eab00000, 0x00000000ec580000, 0x0000000100000000)
  eden space 20480K, 0% used [0x00000000eab00000,0x00000000eab00000,0x00000000ebf00000)
  from space 1024K, 77% used [0x00000000ec480000,0x00000000ec545e10,0x00000000ec580000)
  to   space 1024K, 0% used [0x00000000ec380000,0x00000000ec380000,0x00000000ec480000)
 ParOldGen       total 68608K, used 51882K [0x00000000c0000000, 0x00000000c4300000, 0x00000000eab00000)
  object space 68608K, 75% used [0x00000000c0000000,0x00000000c32aa800,0x00000000c4300000)
 Metaspace       used 68788K, committed 69952K, reserved 1114112K
  class space    used 7431K, committed 7936K, reserved 1048576K
}
Event: 7.133 GC heap before
{Heap before GC invocations=44 (full 3):
 PSYoungGen      total 21504K, used 21271K [0x00000000eab00000, 0x00000000ec580000, 0x0000000100000000)
  eden space 20480K, 100% used [0x00000000eab00000,0x00000000ebf00000,0x00000000ebf00000)
  from space 1024K, 77% used [0x00000000ec480000,0x00000000ec545e10,0x00000000ec580000)
  to   space 1024K, 0% used [0x00000000ec380000,0x00000000ec380000,0x00000000ec480000)
 ParOldGen       total 68608K, used 51882K [0x00000000c0000000, 0x00000000c4300000, 0x00000000eab00000)
  object space 68608K, 75% used [0x00000000c0000000,0x00000000c32aa800,0x00000000c4300000)
 Metaspace       used 70114K, committed 71360K, reserved 1114112K
  class space    used 7546K, committed 8064K, reserved 1048576K
}
Event: 7.134 GC heap after
{Heap after GC invocations=44 (full 3):
 PSYoungGen      total 21504K, used 992K [0x00000000eab00000, 0x00000000ec500000, 0x0000000100000000)
  eden space 20480K, 0% used [0x00000000eab00000,0x00000000eab00000,0x00000000ebf00000)
  from space 1024K, 96% used [0x00000000ec380000,0x00000000ec478040,0x00000000ec480000)
  to   space 512K, 0% used [0x00000000ec480000,0x00000000ec480000,0x00000000ec500000)
 ParOldGen       total 68608K, used 53264K [0x00000000c0000000, 0x00000000c4300000, 0x00000000eab00000)
  object space 68608K, 77% used [0x00000000c0000000,0x00000000c3404000,0x00000000c4300000)
 Metaspace       used 70114K, committed 71360K, reserved 1114112K
  class space    used 7546K, committed 8064K, reserved 1048576K
}
Event: 7.269 GC heap before
{Heap before GC invocations=45 (full 3):
 PSYoungGen      total 21504K, used 21472K [0x00000000eab00000, 0x00000000ec500000, 0x0000000100000000)
  eden space 20480K, 100% used [0x00000000eab00000,0x00000000ebf00000,0x00000000ebf00000)
  from space 1024K, 96% used [0x00000000ec380000,0x00000000ec478040,0x00000000ec480000)
  to   space 512K, 0% used [0x00000000ec480000,0x00000000ec480000,0x00000000ec500000)
 ParOldGen       total 68608K, used 53264K [0x00000000c0000000, 0x00000000c4300000, 0x00000000eab00000)
  object space 68608K, 77% used [0x00000000c0000000,0x00000000c3404000,0x00000000c4300000)
 Metaspace       used 71477K, committed 72640K, reserved 1114112K
  class space    used 7689K, committed 8192K, reserved 1048576K
}
Event: 7.271 GC heap after
{Heap after GC invocations=45 (full 3):
 PSYoungGen      total 20992K, used 480K [0x00000000eab00000, 0x00000000ec500000, 0x0000000100000000)
  eden space 20480K, 0% used [0x00000000eab00000,0x00000000eab00000,0x00000000ebf00000)
  from space 512K, 93% used [0x00000000ec480000,0x00000000ec4f8000,0x00000000ec500000)
  to   space 1536K, 0% used [0x00000000ec200000,0x00000000ec200000,0x00000000ec380000)
 ParOldGen       total 68608K, used 54235K [0x00000000c0000000, 0x00000000c4300000, 0x00000000eab00000)
  object space 68608K, 79% used [0x00000000c0000000,0x00000000c34f6ca8,0x00000000c4300000)
 Metaspace       used 71477K, committed 72640K, reserved 1114112K
  class space    used 7689K, committed 8192K, reserved 1048576K
}
Event: 7.622 GC heap before
{Heap before GC invocations=46 (full 3):
 PSYoungGen      total 20992K, used 20960K [0x00000000eab00000, 0x00000000ec500000, 0x0000000100000000)
  eden space 20480K, 100% used [0x00000000eab00000,0x00000000ebf00000,0x00000000ebf00000)
  from space 512K, 93% used [0x00000000ec480000,0x00000000ec4f8000,0x00000000ec500000)
  to   space 1536K, 0% used [0x00000000ec200000,0x00000000ec200000,0x00000000ec380000)
 ParOldGen       total 68608K, used 54235K [0x00000000c0000000, 0x00000000c4300000, 0x00000000eab00000)
  object space 68608K, 79% used [0x00000000c0000000,0x00000000c34f6ca8,0x00000000c4300000)
 Metaspace       used 72140K, committed 73344K, reserved 1114112K
  class space    used 7755K, committed 8256K, reserved 1048576K
}
Event: 7.624 GC heap after
{Heap after GC invocations=46 (full 3):
 PSYoungGen      total 22016K, used 656K [0x00000000eab00000, 0x00000000ec500000, 0x0000000100000000)
  eden space 20480K, 0% used [0x00000000eab00000,0x00000000eab00000,0x00000000ebf00000)
  from space 1536K, 42% used [0x00000000ec200000,0x00000000ec2a4010,0x00000000ec380000)
  to   space 1024K, 0% used [0x00000000ec400000,0x00000000ec400000,0x00000000ec500000)
 ParOldGen       total 68608K, used 54580K [0x00000000c0000000, 0x00000000c4300000, 0x00000000eab00000)
  object space 68608K, 79% used [0x00000000c0000000,0x00000000c354d118,0x00000000c4300000)
 Metaspace       used 72140K, committed 73344K, reserved 1114112K
  class space    used 7755K, committed 8256K, reserved 1048576K
}
Event: 8.669 GC heap before
{Heap before GC invocations=47 (full 3):
 PSYoungGen      total 22016K, used 21136K [0x00000000eab00000, 0x00000000ec500000, 0x0000000100000000)
  eden space 20480K, 100% used [0x00000000eab00000,0x00000000ebf00000,0x00000000ebf00000)
  from space 1536K, 42% used [0x00000000ec200000,0x00000000ec2a4010,0x00000000ec380000)
  to   space 1024K, 0% used [0x00000000ec400000,0x00000000ec400000,0x00000000ec500000)
 ParOldGen       total 68608K, used 54580K [0x00000000c0000000, 0x00000000c4300000, 0x00000000eab00000)
  object space 68608K, 79% used [0x00000000c0000000,0x00000000c354d118,0x00000000c4300000)
 Metaspace       used 72547K, committed 73728K, reserved 1114112K
  class space    used 7791K, committed 8256K, reserved 1048576K
}
Event: 8.671 GC heap after
{Heap after GC invocations=47 (full 3):
 PSYoungGen      total 21504K, used 1001K [0x00000000eab00000, 0x00000000ec500000, 0x0000000100000000)
  eden space 20480K, 0% used [0x00000000eab00000,0x00000000eab00000,0x00000000ebf00000)
  from space 1024K, 97% used [0x00000000ec400000,0x00000000ec4fa668,0x00000000ec500000)
  to   space 2048K, 0% used [0x00000000ec100000,0x00000000ec100000,0x00000000ec300000)
 ParOldGen       total 68608K, used 54996K [0x00000000c0000000, 0x00000000c4300000, 0x00000000eab00000)
  object space 68608K, 80% used [0x00000000c0000000,0x00000000c35b5118,0x00000000c4300000)
 Metaspace       used 72547K, committed 73728K, reserved 1114112K
  class space    used 7791K, committed 8256K, reserved 1048576K
}
Event: 18.796 GC heap before
{Heap before GC invocations=48 (full 3):
 PSYoungGen      total 21504K, used 21481K [0x00000000eab00000, 0x00000000ec500000, 0x0000000100000000)
  eden space 20480K, 100% used [0x00000000eab00000,0x00000000ebf00000,0x00000000ebf00000)
  from space 1024K, 97% used [0x00000000ec400000,0x00000000ec4fa668,0x00000000ec500000)
  to   space 2048K, 0% used [0x00000000ec100000,0x00000000ec100000,0x00000000ec300000)
 ParOldGen       total 68608K, used 54996K [0x00000000c0000000, 0x00000000c4300000, 0x00000000eab00000)
  object space 68608K, 80% used [0x00000000c0000000,0x00000000c35b5118,0x00000000c4300000)
 Metaspace       used 72792K, committed 73984K, reserved 1179648K
  class space    used 7797K, committed 8320K, reserved 1048576K
}
Event: 18.797 GC heap after
{Heap after GC invocations=48 (full 3):
 PSYoungGen      total 22528K, used 288K [0x00000000eab00000, 0x00000000ec480000, 0x0000000100000000)
  eden space 20480K, 0% used [0x00000000eab00000,0x00000000eab00000,0x00000000ebf00000)
  from space 2048K, 14% used [0x00000000ec100000,0x00000000ec148000,0x00000000ec300000)
  to   space 1024K, 0% used [0x00000000ec380000,0x00000000ec380000,0x00000000ec480000)
 ParOldGen       total 68608K, used 55769K [0x00000000c0000000, 0x00000000c4300000, 0x00000000eab00000)
  object space 68608K, 81% used [0x00000000c0000000,0x00000000c3676640,0x00000000c4300000)
 Metaspace       used 72792K, committed 73984K, reserved 1179648K
  class space    used 7797K, committed 8320K, reserved 1048576K
}
Event: 20.131 GC heap before
{Heap before GC invocations=49 (full 3):
 PSYoungGen      total 22528K, used 20768K [0x00000000eab00000, 0x00000000ec480000, 0x0000000100000000)
  eden space 20480K, 100% used [0x00000000eab00000,0x00000000ebf00000,0x00000000ebf00000)
  from space 2048K, 14% used [0x00000000ec100000,0x00000000ec148000,0x00000000ec300000)
  to   space 1024K, 0% used [0x00000000ec380000,0x00000000ec380000,0x00000000ec480000)
 ParOldGen       total 68608K, used 55769K [0x00000000c0000000, 0x00000000c4300000, 0x00000000eab00000)
  object space 68608K, 81% used [0x00000000c0000000,0x00000000c3676640,0x00000000c4300000)
 Metaspace       used 73550K, committed 74752K, reserved 1179648K
  class space    used 7913K, committed 8384K, reserved 1048576K
}
Event: 20.133 GC heap after
{Heap after GC invocations=49 (full 3):
 PSYoungGen      total 21504K, used 992K [0x00000000eab00000, 0x00000000ec480000, 0x0000000100000000)
  eden space 20480K, 0% used [0x00000000eab00000,0x00000000eab00000,0x00000000ebf00000)
  from space 1024K, 96% used [0x00000000ec380000,0x00000000ec478030,0x00000000ec480000)
  to   space 2560K, 0% used [0x00000000ebf80000,0x00000000ebf80000,0x00000000ec200000)
 ParOldGen       total 68608K, used 56877K [0x00000000c0000000, 0x00000000c4300000, 0x00000000eab00000)
  object space 68608K, 82% used [0x00000000c0000000,0x00000000c378b680,0x00000000c4300000)
 Metaspace       used 73550K, committed 74752K, reserved 1179648K
  class space    used 7913K, committed 8384K, reserved 1048576K
}
Event: 21.157 GC heap before
{Heap before GC invocations=50 (full 3):
 PSYoungGen      total 21504K, used 21472K [0x00000000eab00000, 0x00000000ec480000, 0x0000000100000000)
  eden space 20480K, 100% used [0x00000000eab00000,0x00000000ebf00000,0x00000000ebf00000)
  from space 1024K, 96% used [0x00000000ec380000,0x00000000ec478030,0x00000000ec480000)
  to   space 2560K, 0% used [0x00000000ebf80000,0x00000000ebf80000,0x00000000ec200000)
 ParOldGen       total 68608K, used 56877K [0x00000000c0000000, 0x00000000c4300000, 0x00000000eab00000)
  object space 68608K, 82% used [0x00000000c0000000,0x00000000c378b680,0x00000000c4300000)
 Metaspace       used 74377K, committed 75648K, reserved 1179648K
  class space    used 8012K, committed 8512K, reserved 1048576K
}
Event: 21.160 GC heap after
{Heap after GC invocations=50 (full 3):
 PSYoungGen      total 23040K, used 2512K [0x00000000eab00000, 0x00000000ec500000, 0x0000000100000000)
  eden space 20480K, 0% used [0x00000000eab00000,0x00000000eab00000,0x00000000ebf00000)
  from space 2560K, 98% used [0x00000000ebf80000,0x00000000ec1f42e0,0x00000000ec200000)
  to   space 3072K, 0% used [0x00000000ec200000,0x00000000ec200000,0x00000000ec500000)
 ParOldGen       total 68608K, used 57887K [0x00000000c0000000, 0x00000000c4300000, 0x00000000eab00000)
  object space 68608K, 84% used [0x00000000c0000000,0x00000000c3887fb0,0x00000000c4300000)
 Metaspace       used 74377K, committed 75648K, reserved 1179648K
  class space    used 8012K, committed 8512K, reserved 1048576K
}

